The target system is: Generic - 1 - 
The host system is: Linux - 4.19.0-14-amd64 - x86_64
Compiling the C compiler identification source file "CMakeCCompilerId.c" succeeded.
Compiler: /usr/bin/arm-none-eabi-gcc 
Build flags: 
Id flags: -c 

The output was:
0


Compilation of the C compiler identification source "CMakeCCompilerId.c" produced "CMakeCCompilerId.o"

The C compiler identification is GNU, found in "/home/offipso/Programs/arduino/stm32/s2500-image-capture-f7/cmake-build-release/CMakeFiles/3.20.2/CompilerIdC/CMakeCCompilerId.o"

Compiling the CXX compiler identification source file "CMakeCXXCompilerId.cpp" succeeded.
Compiler: /usr/bin/arm-none-eabi-g++ 
Build flags: 
Id flags: -c 

The output was:
0


Compilation of the CXX compiler identification source "CMakeCXXCompilerId.cpp" produced "CMakeCXXCompilerId.o"

The CXX compiler identification is GNU, found in "/home/offipso/Programs/arduino/stm32/s2500-image-capture-f7/cmake-build-release/CMakeFiles/3.20.2/CompilerIdCXX/CMakeCXXCompilerId.o"

Checking whether the ASM compiler is GNU using "--version" matched "(GNU assembler)|(GCC)|(Free Software Foundation)":
arm-none-eabi-gcc (15:7-2018-q2-6) 7.3.1 20180622 (release) [ARM/embedded-7-branch revision 261907]
Copyright (C) 2017 Free Software Foundation, Inc.
This is free software; see the source for copying conditions.  There is NO
warranty; not even for MERCHANTABILITY or FITNESS FOR A PARTICULAR PURPOSE.

Detecting C compiler ABI info compiled with the following output:
Change Dir: /home/offipso/Programs/arduino/stm32/s2500-image-capture-f7/cmake-build-release/CMakeFiles/CMakeTmp

Run Build Command(s):/usr/bin/make -f Makefile cmTC_1faa8/fast && /usr/bin/make  -f CMakeFiles/cmTC_1faa8.dir/build.make CMakeFiles/cmTC_1faa8.dir/build
make[1]: Entering directory '/home/offipso/Programs/arduino/stm32/s2500-image-capture-f7/cmake-build-release/CMakeFiles/CMakeTmp'
Building C object CMakeFiles/cmTC_1faa8.dir/CMakeCCompilerABI.c.obj
/usr/bin/arm-none-eabi-gcc   -v -o CMakeFiles/cmTC_1faa8.dir/CMakeCCompilerABI.c.obj -c /home/offipso/Programs/clion-212.4746.15/bin/cmake/linux/share/cmake-3.20/Modules/CMakeCCompilerABI.c
Using built-in specs.
COLLECT_GCC=/usr/bin/arm-none-eabi-gcc
Target: arm-none-eabi
Configured with: ../configure --build=x86_64-linux-gnu --prefix=/usr --includedir='/usr/lib/include' --mandir='/usr/lib/share/man' --infodir='/usr/lib/share/info' --sysconfdir=/etc --localstatedir=/var --disable-silent-rules --libdir='/usr/lib/lib/x86_64-linux-gnu' --libexecdir='/usr/lib/lib/x86_64-linux-gnu' --disable-maintainer-mode --disable-dependency-tracking --mandir=/usr/share/man --enable-languages=c,c++,lto --enable-multilib --disable-decimal-float --disable-libffi --disable-libgomp --disable-libmudflap --disable-libquadmath --disable-libssp --disable-libstdcxx-pch --disable-nls --disable-shared --disable-threads --disable-tls --build=x86_64-linux-gnu --target=arm-none-eabi --with-system-zlib --with-gnu-as --with-gnu-ld --with-pkgversion=15:7-2018-q2-6 --without-included-gettext --prefix=/usr/lib --infodir=/usr/share/doc/gcc-arm-none-eabi/info --htmldir=/usr/share/doc/gcc-arm-none-eabi/html --pdfdir=/usr/share/doc/gcc-arm-none-eabi/pdf --bindir=/usr/bin --libexecdir=/usr/lib --libdir=/usr/lib --disable-libstdc++-v3 --host=x86_64-linux-gnu --with-headers=no --without-newlib --with-multilib-list=rmprofile CFLAGS='-g -O2 -fdebug-prefix-map=/tmp/building/package=. -fstack-protector-strong' CPPFLAGS='-Wdate-time -D_FORTIFY_SOURCE=2' CXXFLAGS='-g -O2 -fdebug-prefix-map=/tmp/building/package=. -fstack-protector-strong' FCFLAGS='-g -O2 -fdebug-prefix-map=/tmp/building/package=. -fstack-protector-strong' FFLAGS='-g -O2 -fdebug-prefix-map=/tmp/building/package=. -fstack-protector-strong' GCJFLAGS='-g -O2 -fdebug-prefix-map=/tmp/building/package=. -fstack-protector-strong' LDFLAGS=-Wl,-z,relro OBJCFLAGS='-g -O2 -fdebug-prefix-map=/tmp/building/package=. -fstack-protector-strong' OBJCXXFLAGS='-g -O2 -fdebug-prefix-map=/tmp/building/package=. -fstack-protector-strong' INHIBIT_LIBC_CFLAGS=-DUSE_TM_CLONE_REGISTRY=0 AR_FOR_TARGET=arm-none-eabi-ar AS_FOR_TARGET=arm-none-eabi-as LD_FOR_TARGET=arm-none-eabi-ld NM_FOR_TARGET=arm-none-eabi-nm OBJDUMP_FOR_TARGET=arm-none-eabi-objdump RANLIB_FOR_TARGET=arm-none-eabi-ranlib READELF_FOR_TARGET=arm-none-eabi-readelf STRIP_FOR_TARGET=arm-none-eabi-strip
Thread model: single
gcc version 7.3.1 20180622 (release) [ARM/embedded-7-branch revision 261907] (15:7-2018-q2-6) 
COLLECT_GCC_OPTIONS='-v' '-o' 'CMakeFiles/cmTC_1faa8.dir/CMakeCCompilerABI.c.obj' '-c'
 /usr/lib/gcc/arm-none-eabi/7.3.1/cc1 -quiet -v -D__USES_INITFINI__ /home/offipso/Programs/clion-212.4746.15/bin/cmake/linux/share/cmake-3.20/Modules/CMakeCCompilerABI.c -quiet -dumpbase CMakeCCompilerABI.c -auxbase-strip CMakeFiles/cmTC_1faa8.dir/CMakeCCompilerABI.c.obj -version -o /tmp/ccwgll9q.s
GNU C11 (15:7-2018-q2-6) version 7.3.1 20180622 (release) [ARM/embedded-7-branch revision 261907] (arm-none-eabi)
	compiled by GNU C version 8.2.0, GMP version 6.1.2, MPFR version 4.0.2, MPC version 1.1.0, isl version none
GGC heuristics: --param ggc-min-expand=100 --param ggc-min-heapsize=131072
ignoring nonexistent directory "/usr/lib/gcc/arm-none-eabi/7.3.1/../../../arm-none-eabi/sys-include"
#include "..." search starts here:
#include <...> search starts here:
 /usr/lib/gcc/arm-none-eabi/7.3.1/include
 /usr/lib/gcc/arm-none-eabi/7.3.1/include-fixed
 /usr/lib/gcc/arm-none-eabi/7.3.1/../../../arm-none-eabi/include
End of search list.
GNU C11 (15:7-2018-q2-6) version 7.3.1 20180622 (release) [ARM/embedded-7-branch revision 261907] (arm-none-eabi)
	compiled by GNU C version 8.2.0, GMP version 6.1.2, MPFR version 4.0.2, MPC version 1.1.0, isl version none
GGC heuristics: --param ggc-min-expand=100 --param ggc-min-heapsize=131072
Compiler executable checksum: 0d8544bf9800e08ab10af871206bd829
COLLECT_GCC_OPTIONS='-v' '-o' 'CMakeFiles/cmTC_1faa8.dir/CMakeCCompilerABI.c.obj' '-c'
 /usr/lib/gcc/arm-none-eabi/7.3.1/../../../arm-none-eabi/bin/as -v -meabi=5 -o CMakeFiles/cmTC_1faa8.dir/CMakeCCompilerABI.c.obj /tmp/ccwgll9q.s
GNU assembler version 2.31.1 (arm-none-eabi) using BFD version (2.31.1-12+11) 2.31.1
COMPILER_PATH=/usr/lib/gcc/arm-none-eabi/7.3.1/:/usr/lib/gcc/arm-none-eabi/7.3.1/:/usr/lib/gcc/arm-none-eabi/:/usr/lib/gcc/arm-none-eabi/7.3.1/:/usr/lib/gcc/arm-none-eabi/:/usr/lib/gcc/arm-none-eabi/7.3.1/../../../arm-none-eabi/bin/
LIBRARY_PATH=/usr/lib/gcc/arm-none-eabi/7.3.1/:/usr/lib/gcc/arm-none-eabi/7.3.1/../../../arm-none-eabi/lib/
COLLECT_GCC_OPTIONS='-v' '-o' 'CMakeFiles/cmTC_1faa8.dir/CMakeCCompilerABI.c.obj' '-c'
Linking C static library libcmTC_1faa8.a
/home/offipso/Programs/clion-212.4746.15/bin/cmake/linux/bin/cmake -P CMakeFiles/cmTC_1faa8.dir/cmake_clean_target.cmake
/home/offipso/Programs/clion-212.4746.15/bin/cmake/linux/bin/cmake -E cmake_link_script CMakeFiles/cmTC_1faa8.dir/link.txt --verbose=1
arm-none-eabi-ar qc libcmTC_1faa8.a CMakeFiles/cmTC_1faa8.dir/CMakeCCompilerABI.c.obj
/usr/bin/arm-none-eabi-ranlib libcmTC_1faa8.a
make[1]: Leaving directory '/home/offipso/Programs/arduino/stm32/s2500-image-capture-f7/cmake-build-release/CMakeFiles/CMakeTmp'



Parsed C implicit include dir info from above output: rv=done
  found start of include info
  found start of implicit include info
    add: [/usr/lib/gcc/arm-none-eabi/7.3.1/include]
    add: [/usr/lib/gcc/arm-none-eabi/7.3.1/include-fixed]
    add: [/usr/lib/gcc/arm-none-eabi/7.3.1/../../../arm-none-eabi/include]
  end of search list found
  collapse include dir [/usr/lib/gcc/arm-none-eabi/7.3.1/include] ==> [/usr/lib/gcc/arm-none-eabi/7.3.1/include]
  collapse include dir [/usr/lib/gcc/arm-none-eabi/7.3.1/include-fixed] ==> [/usr/lib/gcc/arm-none-eabi/7.3.1/include-fixed]
  collapse include dir [/usr/lib/gcc/arm-none-eabi/7.3.1/../../../arm-none-eabi/include] ==> [/usr/lib/arm-none-eabi/include]
  implicit include dirs: [/usr/lib/gcc/arm-none-eabi/7.3.1/include;/usr/lib/gcc/arm-none-eabi/7.3.1/include-fixed;/usr/lib/arm-none-eabi/include]


Parsed C implicit link information from above output:
  link line regex: [^( *|.*[/\])(arm-none-eabi-ld|CMAKE_LINK_STARTFILE-NOTFOUND|([^/\]+-)?ld|collect2)[^/\]*( |$)]
  ignore line: [Change Dir: /home/offipso/Programs/arduino/stm32/s2500-image-capture-f7/cmake-build-release/CMakeFiles/CMakeTmp]
  ignore line: []
  ignore line: [Run Build Command(s):/usr/bin/make -f Makefile cmTC_1faa8/fast && /usr/bin/make  -f CMakeFiles/cmTC_1faa8.dir/build.make CMakeFiles/cmTC_1faa8.dir/build]
  ignore line: [make[1]: Entering directory '/home/offipso/Programs/arduino/stm32/s2500-image-capture-f7/cmake-build-release/CMakeFiles/CMakeTmp']
  ignore line: [Building C object CMakeFiles/cmTC_1faa8.dir/CMakeCCompilerABI.c.obj]
  ignore line: [/usr/bin/arm-none-eabi-gcc   -v -o CMakeFiles/cmTC_1faa8.dir/CMakeCCompilerABI.c.obj -c /home/offipso/Programs/clion-212.4746.15/bin/cmake/linux/share/cmake-3.20/Modules/CMakeCCompilerABI.c]
  ignore line: [Using built-in specs.]
  ignore line: [COLLECT_GCC=/usr/bin/arm-none-eabi-gcc]
  ignore line: [Target: arm-none-eabi]
  ignore line: [Configured with: ../configure --build=x86_64-linux-gnu --prefix=/usr --includedir='/usr/lib/include' --mandir='/usr/lib/share/man' --infodir='/usr/lib/share/info' --sysconfdir=/etc --localstatedir=/var --disable-silent-rules --libdir='/usr/lib/lib/x86_64-linux-gnu' --libexecdir='/usr/lib/lib/x86_64-linux-gnu' --disable-maintainer-mode --disable-dependency-tracking --mandir=/usr/share/man --enable-languages=c,c++,lto --enable-multilib --disable-decimal-float --disable-libffi --disable-libgomp --disable-libmudflap --disable-libquadmath --disable-libssp --disable-libstdcxx-pch --disable-nls --disable-shared --disable-threads --disable-tls --build=x86_64-linux-gnu --target=arm-none-eabi --with-system-zlib --with-gnu-as --with-gnu-ld --with-pkgversion=15:7-2018-q2-6 --without-included-gettext --prefix=/usr/lib --infodir=/usr/share/doc/gcc-arm-none-eabi/info --htmldir=/usr/share/doc/gcc-arm-none-eabi/html --pdfdir=/usr/share/doc/gcc-arm-none-eabi/pdf --bindir=/usr/bin --libexecdir=/usr/lib --libdir=/usr/lib --disable-libstdc++-v3 --host=x86_64-linux-gnu --with-headers=no --without-newlib --with-multilib-list=rmprofile CFLAGS='-g -O2 -fdebug-prefix-map=/tmp/building/package=. -fstack-protector-strong' CPPFLAGS='-Wdate-time -D_FORTIFY_SOURCE=2' CXXFLAGS='-g -O2 -fdebug-prefix-map=/tmp/building/package=. -fstack-protector-strong' FCFLAGS='-g -O2 -fdebug-prefix-map=/tmp/building/package=. -fstack-protector-strong' FFLAGS='-g -O2 -fdebug-prefix-map=/tmp/building/package=. -fstack-protector-strong' GCJFLAGS='-g -O2 -fdebug-prefix-map=/tmp/building/package=. -fstack-protector-strong' LDFLAGS=-Wl,-z,relro OBJCFLAGS='-g -O2 -fdebug-prefix-map=/tmp/building/package=. -fstack-protector-strong' OBJCXXFLAGS='-g -O2 -fdebug-prefix-map=/tmp/building/package=. -fstack-protector-strong' INHIBIT_LIBC_CFLAGS=-DUSE_TM_CLONE_REGISTRY=0 AR_FOR_TARGET=arm-none-eabi-ar AS_FOR_TARGET=arm-none-eabi-as LD_FOR_TARGET=arm-none-eabi-ld NM_FOR_TARGET=arm-none-eabi-nm OBJDUMP_FOR_TARGET=arm-none-eabi-objdump RANLIB_FOR_TARGET=arm-none-eabi-ranlib READELF_FOR_TARGET=arm-none-eabi-readelf STRIP_FOR_TARGET=arm-none-eabi-strip]
  ignore line: [Thread model: single]
  ignore line: [gcc version 7.3.1 20180622 (release) [ARM/embedded-7-branch revision 261907] (15:7-2018-q2-6) ]
  ignore line: [COLLECT_GCC_OPTIONS='-v' '-o' 'CMakeFiles/cmTC_1faa8.dir/CMakeCCompilerABI.c.obj' '-c']
  ignore line: [ /usr/lib/gcc/arm-none-eabi/7.3.1/cc1 -quiet -v -D__USES_INITFINI__ /home/offipso/Programs/clion-212.4746.15/bin/cmake/linux/share/cmake-3.20/Modules/CMakeCCompilerABI.c -quiet -dumpbase CMakeCCompilerABI.c -auxbase-strip CMakeFiles/cmTC_1faa8.dir/CMakeCCompilerABI.c.obj -version -o /tmp/ccwgll9q.s]
  ignore line: [GNU C11 (15:7-2018-q2-6) version 7.3.1 20180622 (release) [ARM/embedded-7-branch revision 261907] (arm-none-eabi)]
  ignore line: [	compiled by GNU C version 8.2.0  GMP version 6.1.2  MPFR version 4.0.2  MPC version 1.1.0  isl version none]
  ignore line: [GGC heuristics: --param ggc-min-expand=100 --param ggc-min-heapsize=131072]
  ignore line: [ignoring nonexistent directory "/usr/lib/gcc/arm-none-eabi/7.3.1/../../../arm-none-eabi/sys-include"]
  ignore line: [#include "..." search starts here:]
  ignore line: [#include <...> search starts here:]
  ignore line: [ /usr/lib/gcc/arm-none-eabi/7.3.1/include]
  ignore line: [ /usr/lib/gcc/arm-none-eabi/7.3.1/include-fixed]
  ignore line: [ /usr/lib/gcc/arm-none-eabi/7.3.1/../../../arm-none-eabi/include]
  ignore line: [End of search list.]
  ignore line: [GNU C11 (15:7-2018-q2-6) version 7.3.1 20180622 (release) [ARM/embedded-7-branch revision 261907] (arm-none-eabi)]
  ignore line: [	compiled by GNU C version 8.2.0  GMP version 6.1.2  MPFR version 4.0.2  MPC version 1.1.0  isl version none]
  ignore line: [GGC heuristics: --param ggc-min-expand=100 --param ggc-min-heapsize=131072]
  ignore line: [Compiler executable checksum: 0d8544bf9800e08ab10af871206bd829]
  ignore line: [COLLECT_GCC_OPTIONS='-v' '-o' 'CMakeFiles/cmTC_1faa8.dir/CMakeCCompilerABI.c.obj' '-c']
  ignore line: [ /usr/lib/gcc/arm-none-eabi/7.3.1/../../../arm-none-eabi/bin/as -v -meabi=5 -o CMakeFiles/cmTC_1faa8.dir/CMakeCCompilerABI.c.obj /tmp/ccwgll9q.s]
  ignore line: [GNU assembler version 2.31.1 (arm-none-eabi) using BFD version (2.31.1-12+11) 2.31.1]
  ignore line: [COMPILER_PATH=/usr/lib/gcc/arm-none-eabi/7.3.1/:/usr/lib/gcc/arm-none-eabi/7.3.1/:/usr/lib/gcc/arm-none-eabi/:/usr/lib/gcc/arm-none-eabi/7.3.1/:/usr/lib/gcc/arm-none-eabi/:/usr/lib/gcc/arm-none-eabi/7.3.1/../../../arm-none-eabi/bin/]
  ignore line: [LIBRARY_PATH=/usr/lib/gcc/arm-none-eabi/7.3.1/:/usr/lib/gcc/arm-none-eabi/7.3.1/../../../arm-none-eabi/lib/]
  ignore line: [COLLECT_GCC_OPTIONS='-v' '-o' 'CMakeFiles/cmTC_1faa8.dir/CMakeCCompilerABI.c.obj' '-c']
  ignore line: [Linking C static library libcmTC_1faa8.a]
  ignore line: [/home/offipso/Programs/clion-212.4746.15/bin/cmake/linux/bin/cmake -P CMakeFiles/cmTC_1faa8.dir/cmake_clean_target.cmake]
  ignore line: [/home/offipso/Programs/clion-212.4746.15/bin/cmake/linux/bin/cmake -E cmake_link_script CMakeFiles/cmTC_1faa8.dir/link.txt --verbose=1]
  ignore line: [arm-none-eabi-ar qc libcmTC_1faa8.a CMakeFiles/cmTC_1faa8.dir/CMakeCCompilerABI.c.obj]
  ignore line: [/usr/bin/arm-none-eabi-ranlib libcmTC_1faa8.a]
  ignore line: [make[1]: Leaving directory '/home/offipso/Programs/arduino/stm32/s2500-image-capture-f7/cmake-build-release/CMakeFiles/CMakeTmp']
  ignore line: []
  ignore line: []
  implicit libs: []
  implicit objs: []
  implicit dirs: []
  implicit fwks: []


Detecting CXX compiler ABI info compiled with the following output:
Change Dir: /home/offipso/Programs/arduino/stm32/s2500-image-capture-f7/cmake-build-release/CMakeFiles/CMakeTmp

Run Build Command(s):/usr/bin/make -f Makefile cmTC_76d8b/fast && /usr/bin/make  -f CMakeFiles/cmTC_76d8b.dir/build.make CMakeFiles/cmTC_76d8b.dir/build
make[1]: Entering directory '/home/offipso/Programs/arduino/stm32/s2500-image-capture-f7/cmake-build-release/CMakeFiles/CMakeTmp'
Building CXX object CMakeFiles/cmTC_76d8b.dir/CMakeCXXCompilerABI.cpp.obj
/usr/bin/arm-none-eabi-g++   -v -o CMakeFiles/cmTC_76d8b.dir/CMakeCXXCompilerABI.cpp.obj -c /home/offipso/Programs/clion-212.4746.15/bin/cmake/linux/share/cmake-3.20/Modules/CMakeCXXCompilerABI.cpp
Using built-in specs.
COLLECT_GCC=/usr/bin/arm-none-eabi-g++
Target: arm-none-eabi
Configured with: ../configure --build=x86_64-linux-gnu --prefix=/usr --includedir='/usr/lib/include' --mandir='/usr/lib/share/man' --infodir='/usr/lib/share/info' --sysconfdir=/etc --localstatedir=/var --disable-silent-rules --libdir='/usr/lib/lib/x86_64-linux-gnu' --libexecdir='/usr/lib/lib/x86_64-linux-gnu' --disable-maintainer-mode --disable-dependency-tracking --mandir=/usr/share/man --enable-languages=c,c++,lto --enable-multilib --disable-decimal-float --disable-libffi --disable-libgomp --disable-libmudflap --disable-libquadmath --disable-libssp --disable-libstdcxx-pch --disable-nls --disable-shared --disable-threads --disable-tls --build=x86_64-linux-gnu --target=arm-none-eabi --with-system-zlib --with-gnu-as --with-gnu-ld --with-pkgversion=15:7-2018-q2-6 --without-included-gettext --prefix=/usr/lib --infodir=/usr/share/doc/gcc-arm-none-eabi/info --htmldir=/usr/share/doc/gcc-arm-none-eabi/html --pdfdir=/usr/share/doc/gcc-arm-none-eabi/pdf --bindir=/usr/bin --libexecdir=/usr/lib --libdir=/usr/lib --disable-libstdc++-v3 --host=x86_64-linux-gnu --with-headers=no --without-newlib --with-multilib-list=rmprofile CFLAGS='-g -O2 -fdebug-prefix-map=/tmp/building/package=. -fstack-protector-strong' CPPFLAGS='-Wdate-time -D_FORTIFY_SOURCE=2' CXXFLAGS='-g -O2 -fdebug-prefix-map=/tmp/building/package=. -fstack-protector-strong' FCFLAGS='-g -O2 -fdebug-prefix-map=/tmp/building/package=. -fstack-protector-strong' FFLAGS='-g -O2 -fdebug-prefix-map=/tmp/building/package=. -fstack-protector-strong' GCJFLAGS='-g -O2 -fdebug-prefix-map=/tmp/building/package=. -fstack-protector-strong' LDFLAGS=-Wl,-z,relro OBJCFLAGS='-g -O2 -fdebug-prefix-map=/tmp/building/package=. -fstack-protector-strong' OBJCXXFLAGS='-g -O2 -fdebug-prefix-map=/tmp/building/package=. -fstack-protector-strong' INHIBIT_LIBC_CFLAGS=-DUSE_TM_CLONE_REGISTRY=0 AR_FOR_TARGET=arm-none-eabi-ar AS_FOR_TARGET=arm-none-eabi-as LD_FOR_TARGET=arm-none-eabi-ld NM_FOR_TARGET=arm-none-eabi-nm OBJDUMP_FOR_TARGET=arm-none-eabi-objdump RANLIB_FOR_TARGET=arm-none-eabi-ranlib READELF_FOR_TARGET=arm-none-eabi-readelf STRIP_FOR_TARGET=arm-none-eabi-strip
Thread model: single
gcc version 7.3.1 20180622 (release) [ARM/embedded-7-branch revision 261907] (15:7-2018-q2-6) 
COLLECT_GCC_OPTIONS='-v' '-o' 'CMakeFiles/cmTC_76d8b.dir/CMakeCXXCompilerABI.cpp.obj' '-c'
 /usr/lib/gcc/arm-none-eabi/7.3.1/cc1plus -quiet -v -D__USES_INITFINI__ /home/offipso/Programs/clion-212.4746.15/bin/cmake/linux/share/cmake-3.20/Modules/CMakeCXXCompilerABI.cpp -quiet -dumpbase CMakeCXXCompilerABI.cpp -auxbase-strip CMakeFiles/cmTC_76d8b.dir/CMakeCXXCompilerABI.cpp.obj -version -o /tmp/ccCKnQGt.s
GNU C++14 (15:7-2018-q2-6) version 7.3.1 20180622 (release) [ARM/embedded-7-branch revision 261907] (arm-none-eabi)
	compiled by GNU C version 8.2.0, GMP version 6.1.2, MPFR version 4.0.2, MPC version 1.1.0, isl version none
GGC heuristics: --param ggc-min-expand=100 --param ggc-min-heapsize=131072
ignoring nonexistent directory "/usr/lib/gcc/arm-none-eabi/7.3.1/../../../arm-none-eabi/sys-include"
#include "..." search starts here:
#include <...> search starts here:
 /usr/lib/gcc/arm-none-eabi/7.3.1/../../../arm-none-eabi/include/c++/7.3.1
 /usr/lib/gcc/arm-none-eabi/7.3.1/../../../arm-none-eabi/include/c++/7.3.1/arm-none-eabi
 /usr/lib/gcc/arm-none-eabi/7.3.1/../../../arm-none-eabi/include/c++/7.3.1/backward
 /usr/lib/gcc/arm-none-eabi/7.3.1/include
 /usr/lib/gcc/arm-none-eabi/7.3.1/include-fixed
 /usr/lib/gcc/arm-none-eabi/7.3.1/../../../arm-none-eabi/include
End of search list.
GNU C++14 (15:7-2018-q2-6) version 7.3.1 20180622 (release) [ARM/embedded-7-branch revision 261907] (arm-none-eabi)
	compiled by GNU C version 8.2.0, GMP version 6.1.2, MPFR version 4.0.2, MPC version 1.1.0, isl version none
GGC heuristics: --param ggc-min-expand=100 --param ggc-min-heapsize=131072
Compiler executable checksum: 96f8c4fd5f384fae408415e39146c372
COLLECT_GCC_OPTIONS='-v' '-o' 'CMakeFiles/cmTC_76d8b.dir/CMakeCXXCompilerABI.cpp.obj' '-c'
 /usr/lib/gcc/arm-none-eabi/7.3.1/../../../arm-none-eabi/bin/as -v -meabi=5 -o CMakeFiles/cmTC_76d8b.dir/CMakeCXXCompilerABI.cpp.obj /tmp/ccCKnQGt.s
GNU assembler version 2.31.1 (arm-none-eabi) using BFD version (2.31.1-12+11) 2.31.1
COMPILER_PATH=/usr/lib/gcc/arm-none-eabi/7.3.1/:/usr/lib/gcc/arm-none-eabi/7.3.1/:/usr/lib/gcc/arm-none-eabi/:/usr/lib/gcc/arm-none-eabi/7.3.1/:/usr/lib/gcc/arm-none-eabi/:/usr/lib/gcc/arm-none-eabi/7.3.1/../../../arm-none-eabi/bin/
LIBRARY_PATH=/usr/lib/gcc/arm-none-eabi/7.3.1/:/usr/lib/gcc/arm-none-eabi/7.3.1/../../../arm-none-eabi/lib/
COLLECT_GCC_OPTIONS='-v' '-o' 'CMakeFiles/cmTC_76d8b.dir/CMakeCXXCompilerABI.cpp.obj' '-c'
Linking CXX static library libcmTC_76d8b.a
/home/offipso/Programs/clion-212.4746.15/bin/cmake/linux/bin/cmake -P CMakeFiles/cmTC_76d8b.dir/cmake_clean_target.cmake
/home/offipso/Programs/clion-212.4746.15/bin/cmake/linux/bin/cmake -E cmake_link_script CMakeFiles/cmTC_76d8b.dir/link.txt --verbose=1
arm-none-eabi-ar qc libcmTC_76d8b.a CMakeFiles/cmTC_76d8b.dir/CMakeCXXCompilerABI.cpp.obj
/usr/bin/arm-none-eabi-ranlib libcmTC_76d8b.a
make[1]: Leaving directory '/home/offipso/Programs/arduino/stm32/s2500-image-capture-f7/cmake-build-release/CMakeFiles/CMakeTmp'



Parsed CXX implicit include dir info from above output: rv=done
  found start of include info
  found start of implicit include info
    add: [/usr/lib/gcc/arm-none-eabi/7.3.1/../../../arm-none-eabi/include/c++/7.3.1]
    add: [/usr/lib/gcc/arm-none-eabi/7.3.1/../../../arm-none-eabi/include/c++/7.3.1/arm-none-eabi]
    add: [/usr/lib/gcc/arm-none-eabi/7.3.1/../../../arm-none-eabi/include/c++/7.3.1/backward]
    add: [/usr/lib/gcc/arm-none-eabi/7.3.1/include]
    add: [/usr/lib/gcc/arm-none-eabi/7.3.1/include-fixed]
    add: [/usr/lib/gcc/arm-none-eabi/7.3.1/../../../arm-none-eabi/include]
  end of search list found
  collapse include dir [/usr/lib/gcc/arm-none-eabi/7.3.1/../../../arm-none-eabi/include/c++/7.3.1] ==> [/usr/lib/arm-none-eabi/include/c++/7.3.1]
  collapse include dir [/usr/lib/gcc/arm-none-eabi/7.3.1/../../../arm-none-eabi/include/c++/7.3.1/arm-none-eabi] ==> [/usr/lib/arm-none-eabi/include/c++/7.3.1/arm-none-eabi]
  collapse include dir [/usr/lib/gcc/arm-none-eabi/7.3.1/../../../arm-none-eabi/include/c++/7.3.1/backward] ==> [/usr/lib/arm-none-eabi/include/c++/7.3.1/backward]
  collapse include dir [/usr/lib/gcc/arm-none-eabi/7.3.1/include] ==> [/usr/lib/gcc/arm-none-eabi/7.3.1/include]
  collapse include dir [/usr/lib/gcc/arm-none-eabi/7.3.1/include-fixed] ==> [/usr/lib/gcc/arm-none-eabi/7.3.1/include-fixed]
  collapse include dir [/usr/lib/gcc/arm-none-eabi/7.3.1/../../../arm-none-eabi/include] ==> [/usr/lib/arm-none-eabi/include]
  implicit include dirs: [/usr/lib/arm-none-eabi/include/c++/7.3.1;/usr/lib/arm-none-eabi/include/c++/7.3.1/arm-none-eabi;/usr/lib/arm-none-eabi/include/c++/7.3.1/backward;/usr/lib/gcc/arm-none-eabi/7.3.1/include;/usr/lib/gcc/arm-none-eabi/7.3.1/include-fixed;/usr/lib/arm-none-eabi/include]


Parsed CXX implicit link information from above output:
  link line regex: [^( *|.*[/\])(arm-none-eabi-ld|CMAKE_LINK_STARTFILE-NOTFOUND|([^/\]+-)?ld|collect2)[^/\]*( |$)]
  ignore line: [Change Dir: /home/offipso/Programs/arduino/stm32/s2500-image-capture-f7/cmake-build-release/CMakeFiles/CMakeTmp]
  ignore line: []
  ignore line: [Run Build Command(s):/usr/bin/make -f Makefile cmTC_76d8b/fast && /usr/bin/make  -f CMakeFiles/cmTC_76d8b.dir/build.make CMakeFiles/cmTC_76d8b.dir/build]
  ignore line: [make[1]: Entering directory '/home/offipso/Programs/arduino/stm32/s2500-image-capture-f7/cmake-build-release/CMakeFiles/CMakeTmp']
  ignore line: [Building CXX object CMakeFiles/cmTC_76d8b.dir/CMakeCXXCompilerABI.cpp.obj]
  ignore line: [/usr/bin/arm-none-eabi-g++   -v -o CMakeFiles/cmTC_76d8b.dir/CMakeCXXCompilerABI.cpp.obj -c /home/offipso/Programs/clion-212.4746.15/bin/cmake/linux/share/cmake-3.20/Modules/CMakeCXXCompilerABI.cpp]
  ignore line: [Using built-in specs.]
  ignore line: [COLLECT_GCC=/usr/bin/arm-none-eabi-g++]
  ignore line: [Target: arm-none-eabi]
  ignore line: [Configured with: ../configure --build=x86_64-linux-gnu --prefix=/usr --includedir='/usr/lib/include' --mandir='/usr/lib/share/man' --infodir='/usr/lib/share/info' --sysconfdir=/etc --localstatedir=/var --disable-silent-rules --libdir='/usr/lib/lib/x86_64-linux-gnu' --libexecdir='/usr/lib/lib/x86_64-linux-gnu' --disable-maintainer-mode --disable-dependency-tracking --mandir=/usr/share/man --enable-languages=c,c++,lto --enable-multilib --disable-decimal-float --disable-libffi --disable-libgomp --disable-libmudflap --disable-libquadmath --disable-libssp --disable-libstdcxx-pch --disable-nls --disable-shared --disable-threads --disable-tls --build=x86_64-linux-gnu --target=arm-none-eabi --with-system-zlib --with-gnu-as --with-gnu-ld --with-pkgversion=15:7-2018-q2-6 --without-included-gettext --prefix=/usr/lib --infodir=/usr/share/doc/gcc-arm-none-eabi/info --htmldir=/usr/share/doc/gcc-arm-none-eabi/html --pdfdir=/usr/share/doc/gcc-arm-none-eabi/pdf --bindir=/usr/bin --libexecdir=/usr/lib --libdir=/usr/lib --disable-libstdc++-v3 --host=x86_64-linux-gnu --with-headers=no --without-newlib --with-multilib-list=rmprofile CFLAGS='-g -O2 -fdebug-prefix-map=/tmp/building/package=. -fstack-protector-strong' CPPFLAGS='-Wdate-time -D_FORTIFY_SOURCE=2' CXXFLAGS='-g -O2 -fdebug-prefix-map=/tmp/building/package=. -fstack-protector-strong' FCFLAGS='-g -O2 -fdebug-prefix-map=/tmp/building/package=. -fstack-protector-strong' FFLAGS='-g -O2 -fdebug-prefix-map=/tmp/building/package=. -fstack-protector-strong' GCJFLAGS='-g -O2 -fdebug-prefix-map=/tmp/building/package=. -fstack-protector-strong' LDFLAGS=-Wl,-z,relro OBJCFLAGS='-g -O2 -fdebug-prefix-map=/tmp/building/package=. -fstack-protector-strong' OBJCXXFLAGS='-g -O2 -fdebug-prefix-map=/tmp/building/package=. -fstack-protector-strong' INHIBIT_LIBC_CFLAGS=-DUSE_TM_CLONE_REGISTRY=0 AR_FOR_TARGET=arm-none-eabi-ar AS_FOR_TARGET=arm-none-eabi-as LD_FOR_TARGET=arm-none-eabi-ld NM_FOR_TARGET=arm-none-eabi-nm OBJDUMP_FOR_TARGET=arm-none-eabi-objdump RANLIB_FOR_TARGET=arm-none-eabi-ranlib READELF_FOR_TARGET=arm-none-eabi-readelf STRIP_FOR_TARGET=arm-none-eabi-strip]
  ignore line: [Thread model: single]
  ignore line: [gcc version 7.3.1 20180622 (release) [ARM/embedded-7-branch revision 261907] (15:7-2018-q2-6) ]
  ignore line: [COLLECT_GCC_OPTIONS='-v' '-o' 'CMakeFiles/cmTC_76d8b.dir/CMakeCXXCompilerABI.cpp.obj' '-c']
  ignore line: [ /usr/lib/gcc/arm-none-eabi/7.3.1/cc1plus -quiet -v -D__USES_INITFINI__ /home/offipso/Programs/clion-212.4746.15/bin/cmake/linux/share/cmake-3.20/Modules/CMakeCXXCompilerABI.cpp -quiet -dumpbase CMakeCXXCompilerABI.cpp -auxbase-strip CMakeFiles/cmTC_76d8b.dir/CMakeCXXCompilerABI.cpp.obj -version -o /tmp/ccCKnQGt.s]
  ignore line: [GNU C++14 (15:7-2018-q2-6) version 7.3.1 20180622 (release) [ARM/embedded-7-branch revision 261907] (arm-none-eabi)]
  ignore line: [	compiled by GNU C version 8.2.0  GMP version 6.1.2  MPFR version 4.0.2  MPC version 1.1.0  isl version none]
  ignore line: [GGC heuristics: --param ggc-min-expand=100 --param ggc-min-heapsize=131072]
  ignore line: [ignoring nonexistent directory "/usr/lib/gcc/arm-none-eabi/7.3.1/../../../arm-none-eabi/sys-include"]
  ignore line: [#include "..." search starts here:]
  ignore line: [#include <...> search starts here:]
  ignore line: [ /usr/lib/gcc/arm-none-eabi/7.3.1/../../../arm-none-eabi/include/c++/7.3.1]
  ignore line: [ /usr/lib/gcc/arm-none-eabi/7.3.1/../../../arm-none-eabi/include/c++/7.3.1/arm-none-eabi]
  ignore line: [ /usr/lib/gcc/arm-none-eabi/7.3.1/../../../arm-none-eabi/include/c++/7.3.1/backward]
  ignore line: [ /usr/lib/gcc/arm-none-eabi/7.3.1/include]
  ignore line: [ /usr/lib/gcc/arm-none-eabi/7.3.1/include-fixed]
  ignore line: [ /usr/lib/gcc/arm-none-eabi/7.3.1/../../../arm-none-eabi/include]
  ignore line: [End of search list.]
  ignore line: [GNU C++14 (15:7-2018-q2-6) version 7.3.1 20180622 (release) [ARM/embedded-7-branch revision 261907] (arm-none-eabi)]
  ignore line: [	compiled by GNU C version 8.2.0  GMP version 6.1.2  MPFR version 4.0.2  MPC version 1.1.0  isl version none]
  ignore line: [GGC heuristics: --param ggc-min-expand=100 --param ggc-min-heapsize=131072]
  ignore line: [Compiler executable checksum: 96f8c4fd5f384fae408415e39146c372]
  ignore line: [COLLECT_GCC_OPTIONS='-v' '-o' 'CMakeFiles/cmTC_76d8b.dir/CMakeCXXCompilerABI.cpp.obj' '-c']
  ignore line: [ /usr/lib/gcc/arm-none-eabi/7.3.1/../../../arm-none-eabi/bin/as -v -meabi=5 -o CMakeFiles/cmTC_76d8b.dir/CMakeCXXCompilerABI.cpp.obj /tmp/ccCKnQGt.s]
  ignore line: [GNU assembler version 2.31.1 (arm-none-eabi) using BFD version (2.31.1-12+11) 2.31.1]
  ignore line: [COMPILER_PATH=/usr/lib/gcc/arm-none-eabi/7.3.1/:/usr/lib/gcc/arm-none-eabi/7.3.1/:/usr/lib/gcc/arm-none-eabi/:/usr/lib/gcc/arm-none-eabi/7.3.1/:/usr/lib/gcc/arm-none-eabi/:/usr/lib/gcc/arm-none-eabi/7.3.1/../../../arm-none-eabi/bin/]
  ignore line: [LIBRARY_PATH=/usr/lib/gcc/arm-none-eabi/7.3.1/:/usr/lib/gcc/arm-none-eabi/7.3.1/../../../arm-none-eabi/lib/]
  ignore line: [COLLECT_GCC_OPTIONS='-v' '-o' 'CMakeFiles/cmTC_76d8b.dir/CMakeCXXCompilerABI.cpp.obj' '-c']
  ignore line: [Linking CXX static library libcmTC_76d8b.a]
  ignore line: [/home/offipso/Programs/clion-212.4746.15/bin/cmake/linux/bin/cmake -P CMakeFiles/cmTC_76d8b.dir/cmake_clean_target.cmake]
  ignore line: [/home/offipso/Programs/clion-212.4746.15/bin/cmake/linux/bin/cmake -E cmake_link_script CMakeFiles/cmTC_76d8b.dir/link.txt --verbose=1]
  ignore line: [arm-none-eabi-ar qc libcmTC_76d8b.a CMakeFiles/cmTC_76d8b.dir/CMakeCXXCompilerABI.cpp.obj]
  ignore line: [/usr/bin/arm-none-eabi-ranlib libcmTC_76d8b.a]
  ignore line: [make[1]: Leaving directory '/home/offipso/Programs/arduino/stm32/s2500-image-capture-f7/cmake-build-release/CMakeFiles/CMakeTmp']
  ignore line: []
  ignore line: []
  implicit libs: []
  implicit objs: []
  implicit dirs: []
  implicit fwks: []


